<?xml version="1.0" encoding="UTF-8"?>
<!-- Generated by org.testng.reporters.JUnitXMLReporter -->
<testsuite ignored="0" hostname="DESKTOP-3UGTBIN" failures="0" tests="4" name="Test" time="90.993" errors="0" timestamp="2024-09-10T07:38:02 IST">
  <testcase classname="amazon_test.TestCase3" name="register_to_amazon" time="3.313"/>
  <testcase classname="amazon_test.TestCase4" name="adding_to_cart" time="14.451"/>
  <testcase classname="amazon_test.TestCase1" name="login_to_amazon" time="4.15"/>
  <testcase classname="amazon_test.TestCase2" name="searching_the_product" time="4.784"/>
</testsuite> <!-- Test -->
