<?xml version="1.0" encoding="UTF-8"?>
<!-- Generated by org.testng.reporters.JUnitXMLReporter -->
<testsuite ignored="0" hostname="DESKTOP-3UGTBIN" failures="0" tests="6" name="Surefire test" time="92.804" errors="0" timestamp="2024-09-10T07:58:46 IST">
  <testcase classname="amazon_test.TestCase1" name="login_to_amazon" time="3.497"/>
  <testcase classname="amazon_test.TestCase2" name="searching_the_product" time="4.288"/>
  <testcase classname="amazon_test.TestCase3" name="register_to_amazon" time="2.456"/>
  <testcase classname="amazon_test.TestCase4" name="adding_to_cart" time="12.787"/>
  <testcase classname="fb_test.TestCase1" name="login" time="4.024"/>
  <testcase classname="fb_test.TestCase2" name="login_searching" time="14.789"/>
</testsuite> <!-- Surefire test -->
