<?xml version="1.0" encoding="UTF-8"?>
<testng-results ignored="0" total="6" passed="6" failed="0" skipped="0">
  <reporter-output>
  </reporter-output>
  <suite started-at="2024-09-10T07:57:13 IST" name="Surefire suite" finished-at="2024-09-10T07:58:46 IST" duration-ms="92804">
    <groups>
    </groups>
    <test started-at="2024-09-10T07:57:13 IST" name="Surefire test" finished-at="2024-09-10T07:58:46 IST" duration-ms="92804">
      <class name="amazon_test.TestCase1">
        <test-method is-config="true" signature="launch_browser()[pri:0, instance:amazon_test.TestCase1@6a03bcb1]" started-at="2024-09-10T07:57:13 IST" name="launch_browser" finished-at="2024-09-10T07:57:24 IST" duration-ms="10949" status="PASS">
          <reporter-output>
          </reporter-output>
        </test-method> <!-- launch_browser -->
        <test-method signature="login_to_amazon()[pri:0, instance:amazon_test.TestCase1@6a03bcb1]" started-at="2024-09-10T07:57:24 IST" name="login_to_amazon" finished-at="2024-09-10T07:57:28 IST" duration-ms="3497" status="PASS">
          <reporter-output>
          </reporter-output>
        </test-method> <!-- login_to_amazon -->
        <test-method is-config="true" signature="quit_browser()[pri:0, instance:amazon_test.TestCase1@6a03bcb1]" started-at="2024-09-10T07:57:28 IST" name="quit_browser" finished-at="2024-09-10T07:57:33 IST" duration-ms="5395" status="PASS">
          <reporter-output>
          </reporter-output>
        </test-method> <!-- quit_browser -->
      </class> <!-- amazon_test.TestCase1 -->
      <class name="amazon_test.TestCase2">
        <test-method is-config="true" signature="launch_browser()[pri:0, instance:amazon_test.TestCase2@6f27a732]" started-at="2024-09-10T07:57:33 IST" name="launch_browser" finished-at="2024-09-10T07:57:39 IST" duration-ms="6350" status="PASS">
          <reporter-output>
          </reporter-output>
        </test-method> <!-- launch_browser -->
        <test-method signature="searching_the_product()[pri:0, instance:amazon_test.TestCase2@6f27a732]" started-at="2024-09-10T07:57:39 IST" name="searching_the_product" finished-at="2024-09-10T07:57:44 IST" duration-ms="4288" status="PASS">
          <reporter-output>
          </reporter-output>
        </test-method> <!-- searching_the_product -->
        <test-method is-config="true" signature="quit_browser()[pri:0, instance:amazon_test.TestCase2@6f27a732]" started-at="2024-09-10T07:57:44 IST" name="quit_browser" finished-at="2024-09-10T07:57:49 IST" duration-ms="5552" status="PASS">
          <reporter-output>
          </reporter-output>
        </test-method> <!-- quit_browser -->
      </class> <!-- amazon_test.TestCase2 -->
      <class name="fb_test.TestCase2">
        <test-method signature="login_searching()[pri:0, instance:fb_test.TestCase2@7e9131d5]" started-at="2024-09-10T07:58:31 IST" name="login_searching" finished-at="2024-09-10T07:58:46 IST" duration-ms="14789" status="PASS">
          <reporter-output>
          </reporter-output>
        </test-method> <!-- login_searching -->
      </class> <!-- fb_test.TestCase2 -->
      <class name="amazon_test.TestCase3">
        <test-method is-config="true" signature="launch_browser()[pri:0, instance:amazon_test.TestCase3@6c779568]" started-at="2024-09-10T07:57:49 IST" name="launch_browser" finished-at="2024-09-10T07:57:56 IST" duration-ms="6603" status="PASS">
          <reporter-output>
          </reporter-output>
        </test-method> <!-- launch_browser -->
        <test-method signature="register_to_amazon()[pri:0, instance:amazon_test.TestCase3@6c779568]" started-at="2024-09-10T07:57:56 IST" name="register_to_amazon" finished-at="2024-09-10T07:57:58 IST" duration-ms="2456" status="PASS">
          <reporter-output>
          </reporter-output>
        </test-method> <!-- register_to_amazon -->
        <test-method is-config="true" signature="quit_browser()[pri:0, instance:amazon_test.TestCase3@6c779568]" started-at="2024-09-10T07:57:58 IST" name="quit_browser" finished-at="2024-09-10T07:58:04 IST" duration-ms="5476" status="PASS">
          <reporter-output>
          </reporter-output>
        </test-method> <!-- quit_browser -->
      </class> <!-- amazon_test.TestCase3 -->
      <class name="fb_test.TestCase1">
        <test-method signature="login()[pri:0, instance:fb_test.TestCase1@2cdd0d4b]" started-at="2024-09-10T07:58:27 IST" name="login" finished-at="2024-09-10T07:58:31 IST" duration-ms="4024" status="PASS">
          <reporter-output>
          </reporter-output>
        </test-method> <!-- login -->
      </class> <!-- fb_test.TestCase1 -->
      <class name="amazon_test.TestCase4">
        <test-method is-config="true" signature="launch_browser()[pri:0, instance:amazon_test.TestCase4@f381794]" started-at="2024-09-10T07:58:04 IST" name="launch_browser" finished-at="2024-09-10T07:58:09 IST" duration-ms="5143" status="PASS">
          <reporter-output>
          </reporter-output>
        </test-method> <!-- launch_browser -->
        <test-method signature="adding_to_cart()[pri:0, instance:amazon_test.TestCase4@f381794]" started-at="2024-09-10T07:58:09 IST" name="adding_to_cart" finished-at="2024-09-10T07:58:22 IST" duration-ms="12787" status="PASS">
          <reporter-output>
          </reporter-output>
        </test-method> <!-- adding_to_cart -->
        <test-method is-config="true" signature="quit_browser()[pri:0, instance:amazon_test.TestCase4@f381794]" started-at="2024-09-10T07:58:22 IST" name="quit_browser" finished-at="2024-09-10T07:58:27 IST" duration-ms="5421" status="PASS">
          <reporter-output>
          </reporter-output>
        </test-method> <!-- quit_browser -->
      </class> <!-- amazon_test.TestCase4 -->
    </test> <!-- Surefire test -->
  </suite> <!-- Surefire suite -->
</testng-results>
