<?xml version="1.0" encoding="UTF-8"?>
<testsuite xmlns:xsi="http://www.w3.org/2001/XMLSchema-instance" xsi:noNamespaceSchemaLocation="https://maven.apache.org/surefire/maven-surefire-plugin/xsd/surefire-test-report.xsd" name="TestSuite" time="94.306" tests="7" errors="0" skipped="0" failures="0">
  <properties>
[...]
</properties>
  <testcase name="login_to_amazon" classname="amazon_test.TestCase1" time="3.505"/>
  <testcase name="searching_the_product" classname="amazon_test.TestCase2" time="4.287"/>
  <testcase name="register_to_amazon" classname="amazon_test.TestCase3" time="2.455"/>
  <testcase name="adding_to_cart" classname="amazon_test.TestCase4" time="12.788"/>
  <testcase name="login" classname="fb_test.TestCase1" time="4.045"/>
  <testcase name="login_searching" classname="fb_test.TestCase2" time="14.786"/>
  <testcase name="shouldAnswerWithTrue on shouldAnswerWithTrue(programs.POM_Concept.AppTest)" classname="programs.POM_Concept.AppTest" time="0"/>
</testsuite>