<?xml version="1.0" encoding="UTF-8"?>
<testng-results ignored="0" total="4" passed="4" failed="0" skipped="0">
  <reporter-output>
  </reporter-output>
  <suite started-at="2024-09-10T07:36:31 IST" name="Suite" finished-at="2024-09-10T07:38:02 IST" duration-ms="90993">
    <groups>
    </groups>
    <test started-at="2024-09-10T07:36:31 IST" name="Test" finished-at="2024-09-10T07:38:02 IST" duration-ms="90993">
      <class name="amazon_test.TestCase1">
        <test-method is-config="true" signature="launch_browser()[pri:0, instance:amazon_test.TestCase1@2a7f1f10]" started-at="2024-09-10T07:37:24 IST" name="launch_browser" finished-at="2024-09-10T07:37:32 IST" duration-ms="8553" status="PASS">
          <reporter-output>
          </reporter-output>
        </test-method> <!-- launch_browser -->
        <test-method signature="login_to_amazon()[pri:0, instance:amazon_test.TestCase1@2a7f1f10]" started-at="2024-09-10T07:37:32 IST" name="login_to_amazon" finished-at="2024-09-10T07:37:37 IST" duration-ms="4150" status="PASS">
          <reporter-output>
          </reporter-output>
        </test-method> <!-- login_to_amazon -->
        <test-method is-config="true" signature="quit_browser()[pri:0, instance:amazon_test.TestCase1@2a7f1f10]" started-at="2024-09-10T07:37:37 IST" name="quit_browser" finished-at="2024-09-10T07:37:42 IST" duration-ms="5351" status="PASS">
          <reporter-output>
          </reporter-output>
        </test-method> <!-- quit_browser -->
      </class> <!-- amazon_test.TestCase1 -->
      <class name="amazon_test.TestCase2">
        <test-method is-config="true" signature="launch_browser()[pri:0, instance:amazon_test.TestCase2@46cdf8bd]" started-at="2024-09-10T07:37:42 IST" name="launch_browser" finished-at="2024-09-10T07:37:52 IST" duration-ms="9926" status="PASS">
          <reporter-output>
          </reporter-output>
        </test-method> <!-- launch_browser -->
        <test-method signature="searching_the_product()[pri:0, instance:amazon_test.TestCase2@46cdf8bd]" started-at="2024-09-10T07:37:52 IST" name="searching_the_product" finished-at="2024-09-10T07:37:57 IST" duration-ms="4784" status="PASS">
          <reporter-output>
          </reporter-output>
        </test-method> <!-- searching_the_product -->
        <test-method is-config="true" signature="quit_browser()[pri:0, instance:amazon_test.TestCase2@46cdf8bd]" started-at="2024-09-10T07:37:57 IST" name="quit_browser" finished-at="2024-09-10T07:38:02 IST" duration-ms="5339" status="PASS">
          <reporter-output>
          </reporter-output>
        </test-method> <!-- quit_browser -->
      </class> <!-- amazon_test.TestCase2 -->
      <class name="amazon_test.TestCase3">
        <test-method is-config="true" signature="launch_browser()[pri:0, instance:amazon_test.TestCase3@242b836]" started-at="2024-09-10T07:36:31 IST" name="launch_browser" finished-at="2024-09-10T07:36:46 IST" duration-ms="14705" status="PASS">
          <reporter-output>
          </reporter-output>
        </test-method> <!-- launch_browser -->
        <test-method signature="register_to_amazon()[pri:0, instance:amazon_test.TestCase3@242b836]" started-at="2024-09-10T07:36:46 IST" name="register_to_amazon" finished-at="2024-09-10T07:36:49 IST" duration-ms="3313" status="PASS">
          <reporter-output>
          </reporter-output>
        </test-method> <!-- register_to_amazon -->
        <test-method is-config="true" signature="quit_browser()[pri:0, instance:amazon_test.TestCase3@242b836]" started-at="2024-09-10T07:36:49 IST" name="quit_browser" finished-at="2024-09-10T07:36:54 IST" duration-ms="5358" status="PASS">
          <reporter-output>
          </reporter-output>
        </test-method> <!-- quit_browser -->
      </class> <!-- amazon_test.TestCase3 -->
      <class name="amazon_test.TestCase4">
        <test-method is-config="true" signature="launch_browser()[pri:0, instance:amazon_test.TestCase4@298a5e20]" started-at="2024-09-10T07:36:54 IST" name="launch_browser" finished-at="2024-09-10T07:37:04 IST" duration-ms="9608" status="PASS">
          <reporter-output>
          </reporter-output>
        </test-method> <!-- launch_browser -->
        <test-method signature="adding_to_cart()[pri:0, instance:amazon_test.TestCase4@298a5e20]" started-at="2024-09-10T07:37:04 IST" name="adding_to_cart" finished-at="2024-09-10T07:37:19 IST" duration-ms="14451" status="PASS">
          <reporter-output>
          </reporter-output>
        </test-method> <!-- adding_to_cart -->
        <test-method is-config="true" signature="quit_browser()[pri:0, instance:amazon_test.TestCase4@298a5e20]" started-at="2024-09-10T07:37:19 IST" name="quit_browser" finished-at="2024-09-10T07:37:24 IST" duration-ms="5343" status="PASS">
          <reporter-output>
          </reporter-output>
        </test-method> <!-- quit_browser -->
      </class> <!-- amazon_test.TestCase4 -->
    </test> <!-- Test -->
  </suite> <!-- Suite -->
</testng-results>
